<?xml version="1.0" encoding="UTF-8"?>
<testng-results skipped="0" failed="0" ignored="0" total="2" passed="2">
  <reporter-output>
  </reporter-output>
  <suite name="Command line suite" duration-ms="47460" started-at="2020-04-01T03:39:55 EEST" finished-at="2020-04-01T03:40:43 EEST">
    <groups>
    </groups>
    <test name="Command line test" duration-ms="47460" started-at="2020-04-01T03:39:55 EEST" finished-at="2020-04-01T03:40:43 EEST">
      <class name="tests.WalmartTest">
        <test-method status="PASS" signature="setUp()[pri:0, instance:tests.WalmartTest@42d80b78]" name="setUp" is-config="true" duration-ms="23394" started-at="2020-04-01T03:39:55 EEST" finished-at="2020-04-01T03:40:19 EEST">
          <reporter-output>
          </reporter-output>
        </test-method> <!-- setUp -->
        <test-method status="PASS" signature="checkAuthorizationWithWrongEmail()[pri:0, instance:tests.WalmartTest@42d80b78]" name="checkAuthorizationWithWrongEmail" duration-ms="2823" started-at="2020-04-01T03:40:19 EEST" finished-at="2020-04-01T03:40:22 EEST">
          <reporter-output>
          </reporter-output>
        </test-method> <!-- checkAuthorizationWithWrongEmail -->
        <test-method status="PASS" signature="tearDown()[pri:0, instance:tests.WalmartTest@42d80b78]" name="tearDown" is-config="true" duration-ms="0" started-at="2020-04-01T03:40:22 EEST" finished-at="2020-04-01T03:40:22 EEST">
          <reporter-output>
          </reporter-output>
        </test-method> <!-- tearDown -->
        <test-method status="PASS" signature="setUp()[pri:0, instance:tests.WalmartTest@42d80b78]" name="setUp" is-config="true" duration-ms="18521" started-at="2020-04-01T03:40:22 EEST" finished-at="2020-04-01T03:40:40 EEST">
          <reporter-output>
          </reporter-output>
        </test-method> <!-- setUp -->
        <test-method status="PASS" signature="checkSearchingProduct()[pri:0, instance:tests.WalmartTest@42d80b78]" name="checkSearchingProduct" duration-ms="2694" started-at="2020-04-01T03:40:40 EEST" finished-at="2020-04-01T03:40:43 EEST">
          <reporter-output>
          </reporter-output>
        </test-method> <!-- checkSearchingProduct -->
        <test-method status="PASS" signature="tearDown()[pri:0, instance:tests.WalmartTest@42d80b78]" name="tearDown" is-config="true" duration-ms="0" started-at="2020-04-01T03:40:43 EEST" finished-at="2020-04-01T03:40:43 EEST">
          <reporter-output>
          </reporter-output>
        </test-method> <!-- tearDown -->
      </class> <!-- tests.WalmartTest -->
    </test> <!-- Command line test -->
  </suite> <!-- Command line suite -->
</testng-results>
